\BOOKMARK [1][-]{section.1}{\376\377\000I\000N\000T\000R\000O\000D\000U\000C\000T\000I\000O\000N}{}% 1
\BOOKMARK [1][-]{section.2}{\376\377\000P\000R\000E\000L\000I\000M\000I\000N\000A\000R\000I\000E\000S}{}% 2
\BOOKMARK [2][-]{subsection.2.1}{\376\377\000S\000a\000f\000e\000t\000y\000,\000\040\000H\000a\000z\000a\000r\000d\000s\000\040\000a\000n\000d\000\040\000H\000a\000z\000a\000r\000d\000\040\000A\000n\000a\000l\000y\000s\000i\000s}{section.2}% 3
\BOOKMARK [2][-]{subsection.2.2}{\376\377\000E\000x\000t\000e\000n\000d\000e\000d\000\040\000F\000i\000n\000i\000t\000e\000\040\000S\000t\000a\000t\000e\000\040\000A\000u\000t\000o\000m\000a\000t\000a\000\040\000\050\000E\000F\000S\000A\000\051}{section.2}% 4
\BOOKMARK [2][-]{subsection.2.3}{\376\377\000S\000u\000p\000e\000r\000v\000i\000s\000o\000r\000y\000\040\000C\000o\000n\000t\000r\000o\000l\000\040\000T\000h\000e\000o\000r\000y}{section.2}% 5
\BOOKMARK [1][-]{section.3}{\376\377\000R\000E\000L\000A\000T\000E\000D\000\040\000W\000O\000R\000K}{}% 6
\BOOKMARK [1][-]{section.4}{\376\377\000O\000B\000J\000E\000C\000T\000I\000V\000E\000S\000,\000\040\000A\000S\000S\000U\000M\000P\000T\000I\000O\000N\000S\000,\000\040\000A\000N\000D\000\040\000P\000R\000O\000B\000L\000E\000M\000\040\000D\000E\000F\000I\000N\000I\000T\000I\000O\000N}{}% 7
\BOOKMARK [1][-]{section.5}{\376\377\000P\000R\000O\000P\000O\000S\000E\000D\000\040\000S\000O\000L\000U\000T\000I\000O\000N}{}% 8
\BOOKMARK [2][-]{subsection.5.1}{\376\377\000S\000y\000n\000t\000h\000e\000s\000i\000s\000\040\000o\000f\000\040\000A\000d\000v\000e\000r\000s\000a\000r\000i\000a\000l\000\040\000B\000e\000h\000a\000v\000i\000o\000r\000s}{section.5}% 9
\BOOKMARK [2][-]{subsection.5.2}{\376\377\000S\000i\000m\000u\000l\000a\000t\000i\000o\000n\000\040\000o\000f\000\040\000A\000d\000v\000e\000r\000s\000a\000r\000i\000a\000l\000\040\000B\000e\000h\000a\000v\000i\000o\000r\000s}{section.5}% 10
\BOOKMARK [1][-]{section.6}{\376\377\000A\000P\000P\000L\000I\000C\000A\000T\000I\000O\000N\000\040\000E\000X\000A\000M\000P\000L\000E\000S\000\040\000A\000N\000D\000\040\000E\000V\000A\000L\000U\000A\000T\000I\000O\000N}{}% 11
\BOOKMARK [2][-]{subsection.6.1}{\376\377\000E\000x\000a\000m\000p\000l\000e\000\040\000S\000c\000e\000n\000a\000r\000i\000o}{section.6}% 12
\BOOKMARK [2][-]{subsection.6.2}{\376\377\000I\000m\000p\000l\000e\000m\000e\000n\000t\000a\000t\000i\000o\000n}{section.6}% 13
\BOOKMARK [3][-]{subsubsection.6.2.1}{\376\377\000M\000o\000d\000e\000l\000i\000n\000g\000\040\000a\000n\000d\000\040\000S\000u\000p\000e\000r\000v\000i\000s\000o\000r\000\040\000S\000y\000n\000t\000h\000e\000s\000i\000s}{subsection.6.2}% 14
\BOOKMARK [3][-]{subsubsection.6.2.2}{\376\377\000S\000i\000m\000u\000l\000a\000t\000i\000o\000n}{subsection.6.2}% 15
\BOOKMARK [2][-]{subsection.6.3}{\376\377\000C\000o\000m\000p\000a\000r\000i\000s\000o\000n\000\040\000t\000o\000\040\000o\000t\000h\000e\000r\000\040\000M\000e\000t\000h\000o\000d\000s}{section.6}% 16
\BOOKMARK [2][-]{subsection.6.4}{\376\377\000R\000e\000s\000u\000l\000t\000s}{section.6}% 17
\BOOKMARK [1][-]{section.7}{\376\377\000D\000I\000S\000C\000U\000S\000S\000I\000O\000N}{}% 18
\BOOKMARK [2][-]{subsection.7.1}{\376\377\000R\000e\000l\000i\000a\000b\000i\000l\000i\000t\000y}{section.7}% 19
\BOOKMARK [2][-]{subsection.7.2}{}{section.7}% 20
\BOOKMARK [1][-]{section.8}{\376\377\000S\000U\000M\000M\000A\000R\000Y\000\040\000A\000N\000D\000\040\000F\000U\000T\000U\000R\000E\000\040\000W\000O\000R\000K}{}% 21
\BOOKMARK [1][-]{section*.2}{\376\377\000R\000e\000f\000e\000r\000e\000n\000c\000e\000s}{}% 22
